2026-04-23 21:20:32.803   Log opened. (Time zone: UTC+01:00)
2026-04-23 21:20:32.803   Setup version: Inno Setup version 6.3.1
2026-04-23 21:20:32.803   Original Setup EXE: C:\Users\jorgerodrigues\Documents\MDT\installers\pdf24-creator-11.30.1-x64.exe
2026-04-23 21:20:32.803   Setup command line: /SL5="$A196C,440965802,835072,C:\Users\jorgerodrigues\Documents\MDT\installers\pdf24-creator-11.30.1-x64.exe" /VERYSILENT /SUPPRESSMSGBOXES /NORESTART /SP- /LOG="c:\Users\jorgerodrigues\Documents\MDT\pdf24_install.log" 
2026-04-23 21:20:32.803   Windows version: 10.0.26200
2026-04-23 21:20:32.803   Windows architecture: x64 (64-bit)
2026-04-23 21:20:32.803   Machine types supported by system: x86 x64
2026-04-23 21:20:32.803   User privileges: Administrative
2026-04-23 21:20:32.815   Administrative install mode: Yes
2026-04-23 21:20:32.815   Install mode root key: HKEY_LOCAL_MACHINE
2026-04-23 21:20:32.815   64-bit install mode: Yes
2026-04-23 21:20:32.819   Created protected temporary directory: C:\Users\JORGER~1\AppData\Local\Temp\is-KR22S.tmp
2026-04-23 21:20:32.834   -- DLL function import --
2026-04-23 21:20:32.834   Function name: urlEncodeUtf8
2026-04-23 21:20:32.835   DLL name: setup:files:SetupSupport.dll
2026-04-23 21:20:32.835   Extracting temporary file: C:\Users\JORGER~1\AppData\Local\Temp\is-KR22S.tmp\SetupSupport.dll
2026-04-23 21:20:32.852   Dest DLL name: C:\Users\JORGER~1\AppData\Local\Temp\is-KR22S.tmp\SetupSupport.dll
2026-04-23 21:20:32.852   Importing the DLL function.
2026-04-23 21:20:32.852   Successfully imported the DLL function. Delay loaded? Yes
2026-04-23 21:20:32.852   -- DLL function import --
2026-04-23 21:20:32.852   Function name: getDefaultPrinter
2026-04-23 21:20:32.852   DLL name: setup:files:SetupSupport.dll
2026-04-23 21:20:32.852   Dest DLL name: C:\Users\JORGER~1\AppData\Local\Temp\is-KR22S.tmp\SetupSupport.dll
2026-04-23 21:20:32.852   Importing the DLL function.
2026-04-23 21:20:32.852   Successfully imported the DLL function. Delay loaded? Yes
2026-04-23 21:20:32.852   -- DLL function import --
2026-04-23 21:20:32.852   Function name: setDefaultPrinter
2026-04-23 21:20:32.852   DLL name: setup:files:SetupSupport.dll
2026-04-23 21:20:32.852   Dest DLL name: C:\Users\JORGER~1\AppData\Local\Temp\is-KR22S.tmp\SetupSupport.dll
2026-04-23 21:20:32.852   Importing the DLL function.
2026-04-23 21:20:32.852   Successfully imported the DLL function. Delay loaded? Yes
2026-04-23 21:20:32.852   -- DLL function import --
2026-04-23 21:20:32.852   Function name: CoCreateGuid
2026-04-23 21:20:32.852   DLL name: ole32.dll
2026-04-23 21:20:32.852   Dest DLL name: ole32.dll
2026-04-23 21:20:32.852   Importing the DLL function.
2026-04-23 21:20:32.852   Successfully imported the DLL function. Delay loaded? No
2026-04-23 21:20:32.852   -- DLL function import --
2026-04-23 21:20:32.852   Function name: FileTimeToSystemTime
2026-04-23 21:20:32.852   DLL name: kernel32.dll
2026-04-23 21:20:32.852   Dest DLL name: kernel32.dll
2026-04-23 21:20:32.852   Importing the DLL function.
2026-04-23 21:20:32.852   Successfully imported the DLL function. Delay loaded? No
2026-04-23 21:20:32.852   -- DLL function import --
2026-04-23 21:20:32.852   Function name: MsiEnumRelatedProductsW
2026-04-23 21:20:32.852   DLL name: setup:msi.dll
2026-04-23 21:20:32.852   Dest DLL name: msi.dll
2026-04-23 21:20:32.852   Importing the DLL function.
2026-04-23 21:20:32.855   Successfully imported the DLL function. Delay loaded? No
2026-04-23 21:20:34.699   Found 144 files to register with RestartManager.
2026-04-23 21:20:34.699   Calling RestartManager's RmGetList.
2026-04-23 21:20:34.810   RmGetList finished successfully.
2026-04-23 21:20:34.810   RestartManager found no applications using one of our files.
